app/build/intermediates/manifest_merge_blame_file/debug/manifest-merger-blame-debug-report.txt
1<?xml version="1.0" encoding="utf-8"?>
2<!--
3  Copyright 2017 Google Inc.
4
5  Licensed under the Apache License, Version 2.0 (the "License");
6  you may not use this file except in compliance with the License.
7  You may obtain a copy of the License at
8
9       http://www.apache.org/licenses/LICENSE-2.0
10
11  Unless required by applicable law or agreed to in writing, software
12  distributed under the License is distributed on an "AS IS" BASIS,
13  WITHOUT WARRANTIES OR CONDITIONS OF ANY KIND, either express or implied.
14  See the License for the specific language governing permissions and
15  limitations under the License.
16-->
17<manifest xmlns:android="http://schemas.android.com/apk/res/android"
18    package="com.example.android.walkmyandroid"
19    android:versionCode="1"
20    android:versionName="1.0" >
21
22    <uses-sdk
23        android:minSdkVersion="15"
23-->src/main/AndroidManifest.xml
24        android:targetSdkVersion="26" />
24-->src/main/AndroidManifest.xml
25
26    <uses-permission android:name="android.permission.ACCESS_FINE_LOCATION" />
26-->src/main/AndroidManifest.xml:19:5-78
26-->src/main/AndroidManifest.xml:19:22-76
27
28    <application
28-->src/main/AndroidManifest.xml:20:5-35:19
29        android:allowBackup="true"
29-->src/main/AndroidManifest.xml:21:9-35
30        android:debuggable="true"
31        android:icon="@mipmap/ic_launcher"
31-->src/main/AndroidManifest.xml:22:9-43
32        android:label="@string/app_name"
32-->src/main/AndroidManifest.xml:23:9-41
33        android:roundIcon="@mipmap/ic_launcher_round"
33-->src/main/AndroidManifest.xml:24:9-54
34        android:supportsRtl="true"
34-->src/main/AndroidManifest.xml:25:9-35
35        android:testOnly="true"
36        android:theme="@style/AppTheme" >
36-->src/main/AndroidManifest.xml:26:9-40
37        <activity android:name="com.example.android.walkmyandroid.MainActivity" >
37-->src/main/AndroidManifest.xml:27:9-33:20
37-->src/main/AndroidManifest.xml:27:19-47
38            <intent-filter>
38-->src/main/AndroidManifest.xml:28:13-32:29
39                <action android:name="android.intent.action.MAIN" />
39-->src/main/AndroidManifest.xml:29:17-69
39-->src/main/AndroidManifest.xml:29:25-66
40
41                <category android:name="android.intent.category.LAUNCHER" />
41-->src/main/AndroidManifest.xml:31:17-77
41-->src/main/AndroidManifest.xml:31:27-74
42            </intent-filter>
43        </activity>
44
45        <meta-data
45-->[com.android.support:appcompat-v7:26.1.0] AndroidManifest.xml:26:9-28:38
46            android:name="android.support.VERSION"
46-->[com.android.support:appcompat-v7:26.1.0] AndroidManifest.xml:27:13-51
47            android:value="26.1.0" />
47-->[com.android.support:appcompat-v7:26.1.0] AndroidManifest.xml:28:13-35
48
49        <activity
49-->[com.google.android.gms:play-services-base:11.4.2] AndroidManifest.xml:19:9-172
50            android:name="com.google.android.gms.common.api.GoogleApiActivity"
50-->[com.google.android.gms:play-services-base:11.4.2] AndroidManifest.xml:19:19-85
51            android:exported="false"
51-->[com.google.android.gms:play-services-base:11.4.2] AndroidManifest.xml:19:146-170
52            android:theme="@android:style/Theme.Translucent.NoTitleBar" />
52-->[com.google.android.gms:play-services-base:11.4.2] AndroidManifest.xml:19:86-145
53
54        <meta-data
54-->[com.google.android.gms:play-services-basement:11.4.2] AndroidManifest.xml:20:9-121
55            android:name="com.google.android.gms.version"
55-->[com.google.android.gms:play-services-basement:11.4.2] AndroidManifest.xml:20:20-65
56            android:value="@integer/google_play_services_version" />
56-->[com.google.android.gms:play-services-basement:11.4.2] AndroidManifest.xml:20:66-119
57        <meta-data
57-->[android.arch.lifecycle:runtime:1.0.0] AndroidManifest.xml:25:9-27:47
58            android:name="android.arch.lifecycle.VERSION"
58-->[android.arch.lifecycle:runtime:1.0.0] AndroidManifest.xml:26:13-58
59            android:value="27.0.0-SNAPSHOT" />
59-->[android.arch.lifecycle:runtime:1.0.0] AndroidManifest.xml:27:13-44
60    </application>
61
62</manifest>